<?xml version="1.0" encoding="UTF-8"?>
<testng-results ignored="1" total="7" passed="5" failed="1" skipped="0">
  <reporter-output>
  </reporter-output>
  <suite started-at="2018-11-01T03:24:17Z" name="Regression" finished-at="2018-11-01T03:24:35Z" duration-ms="17360">
    <groups>
      <group name="Regression">
        <method signature="HomePageTestCases.CheckHomePage()[pri:1, instance:com.qa.tests.HomePageTestCases@27a5328c]" name="CheckHomePage" class="com.qa.tests.HomePageTestCases"/>
        <method signature="HomePageTestCases.LogoCheck()[pri:2, instance:com.qa.tests.HomePageTestCases@27a5328c]" name="LogoCheck" class="com.qa.tests.HomePageTestCases"/>
        <method signature="HomePageTestCases.NavigationToGetStartedPage()[pri:5, instance:com.qa.tests.HomePageTestCases@27a5328c]" name="NavigationToGetStartedPage" class="com.qa.tests.HomePageTestCases"/>
        <method signature="HomePageTestCases.verifyFooterLinkNavigation()[pri:4, instance:com.qa.tests.HomePageTestCases@27a5328c]" name="verifyFooterLinkNavigation" class="com.qa.tests.HomePageTestCases"/>
        <method signature="HomePageTestCases.verifyTheHeaderLinkPresense()[pri:3, instance:com.qa.tests.HomePageTestCases@27a5328c]" name="verifyTheHeaderLinkPresense" class="com.qa.tests.HomePageTestCases"/>
      </group> <!-- Regression -->
    </groups>
    <test started-at="2018-11-01T03:24:17Z" name="Test" finished-at="2018-11-01T03:24:35Z" duration-ms="17360">
      <class name="com.qa.tests.GetStartedPageTestCases">
        <test-method signature="FormFillUp()[pri:6, instance:com.qa.tests.GetStartedPageTestCases@1e5f4170]" started-at="2018-11-01T03:24:33Z" name="FormFillUp" finished-at="2018-11-01T03:24:34Z" duration-ms="1266" status="PASS">
          <reporter-output>
          </reporter-output>
        </test-method> <!-- FormFillUp -->
      </class> <!-- com.qa.tests.GetStartedPageTestCases -->
      <class name="com.qa.tests.HomePageTestCases">
        <test-method signature="CheckHomePage()[pri:1, instance:com.qa.tests.HomePageTestCases@27a5328c]" started-at="2018-11-01T03:24:17Z" name="CheckHomePage" finished-at="2018-11-01T03:24:17Z" duration-ms="15" status="PASS">
          <reporter-output>
          </reporter-output>
        </test-method> <!-- CheckHomePage -->
        <test-method signature="LogoCheck()[pri:2, instance:com.qa.tests.HomePageTestCases@27a5328c]" started-at="2018-11-01T03:24:18Z" name="LogoCheck" finished-at="2018-11-01T03:24:18Z" duration-ms="60" status="PASS">
          <reporter-output>
          </reporter-output>
        </test-method> <!-- LogoCheck -->
        <test-method signature="verifyTheHeaderLinkPresense()[pri:3, instance:com.qa.tests.HomePageTestCases@27a5328c]" started-at="2018-11-01T03:24:19Z" name="verifyTheHeaderLinkPresense" finished-at="2018-11-01T03:24:29Z" duration-ms="10402" status="FAIL">
          <exception class="org.openqa.selenium.TimeoutException">
            <message>
              <![CDATA[Expected condition failed: waiting for visibility of Proxy element for: DefaultElementLocator 'By.xpath: /html/body/div[1]/div[1]/div/nav/div/a[1]1' (tried for 10 second(s) with 500 milliseconds interval)]]>
            </message>
            <full-stacktrace>
              <![CDATA[org.openqa.selenium.TimeoutException: Expected condition failed: waiting for visibility of Proxy element for: DefaultElementLocator 'By.xpath: /html/body/div[1]/div[1]/div/nav/div/a[1]1' (tried for 10 second(s) with 500 milliseconds interval)
at org.openqa.selenium.support.ui.WebDriverWait.timeoutException(WebDriverWait.java:113)
at org.openqa.selenium.support.ui.FluentWait.until(FluentWait.java:283)
at com.qa.base.TestBase.Wait(TestBase.java:46)
at com.qa.pages.HomePage.checkHeaderLink(HomePage.java:53)
at com.qa.tests.HomePageTestCases.verifyTheHeaderLinkPresense(HomePageTestCases.java:30)
at java.base/jdk.internal.reflect.NativeMethodAccessorImpl.invoke0(Native Method)
at java.base/jdk.internal.reflect.NativeMethodAccessorImpl.invoke(NativeMethodAccessorImpl.java:62)
at java.base/jdk.internal.reflect.DelegatingMethodAccessorImpl.invoke(DelegatingMethodAccessorImpl.java:43)
at java.base/java.lang.reflect.Method.invoke(Method.java:564)
at org.testng.internal.MethodInvocationHelper.invokeMethod(MethodInvocationHelper.java:124)
at org.testng.internal.Invoker.invokeMethod(Invoker.java:580)
at org.testng.internal.Invoker.invokeTestMethod(Invoker.java:716)
at org.testng.internal.Invoker.invokeTestMethods(Invoker.java:988)
at org.testng.internal.TestMethodWorker.invokeTestMethods(TestMethodWorker.java:125)
at org.testng.internal.TestMethodWorker.run(TestMethodWorker.java:109)
at org.testng.TestRunner.privateRun(TestRunner.java:648)
at org.testng.TestRunner.run(TestRunner.java:505)
at org.testng.SuiteRunner.runTest(SuiteRunner.java:455)
at org.testng.SuiteRunner.runSequentially(SuiteRunner.java:450)
at org.testng.SuiteRunner.privateRun(SuiteRunner.java:415)
at org.testng.SuiteRunner.run(SuiteRunner.java:364)
at org.testng.SuiteRunnerWorker.runSuite(SuiteRunnerWorker.java:52)
at org.testng.SuiteRunnerWorker.run(SuiteRunnerWorker.java:84)
at org.testng.TestNG.runSuitesSequentially(TestNG.java:1208)
at org.testng.TestNG.runSuitesLocally(TestNG.java:1137)
at org.testng.TestNG.runSuites(TestNG.java:1049)
at org.testng.TestNG.run(TestNG.java:1017)
at org.testng.remote.AbstractRemoteTestNG.run(AbstractRemoteTestNG.java:114)
at org.testng.remote.RemoteTestNG.initAndRun(RemoteTestNG.java:251)
at org.testng.remote.RemoteTestNG.main(RemoteTestNG.java:77)
Caused by: org.openqa.selenium.InvalidSelectorException: invalid selector: Unable to locate an element with the xpath expression /html/body/div[1]/div[1]/div/nav/div/a[1]1 because of the following error:
SyntaxError: Failed to execute 'evaluate' on 'Document': The string '/html/body/div[1]/div[1]/div/nav/div/a[1]1' is not a valid XPath expression.
  (Session info: chrome=70.0.3538.77)
  (Driver info: chromedriver=2.41.578706 (5f725d1b4f0a4acbf5259df887244095596231db),platform=Mac OS X 10.13.6 x86_64) (WARNING: The server did not provide any stacktrace information)
Command duration or timeout: 0 milliseconds
For documentation on this error, please visit: http://seleniumhq.org/exceptions/invalid_selector_exception.html
Build info: version: '3.14.0', revision: 'aacccce0', time: '2018-08-02T20:05:20.749Z'
System info: host: 'Arunas-MacBook-Pro.local', ip: '2605:6000:3f87:eb00:61d7:6256:4546:7d6b%en0', os.name: 'Mac OS X', os.arch: 'x86_64', os.version: '10.13.6', java.version: '10.0.1'
Driver info: org.openqa.selenium.chrome.ChromeDriver
Capabilities {acceptInsecureCerts: false, acceptSslCerts: false, applicationCacheEnabled: false, browserConnectionEnabled: false, browserName: chrome, chrome: {chromedriverVersion: 2.41.578706 (5f725d1b4f0a4a..., userDataDir: /var/folders/k1/4zm_dqsd2dd...}, cssSelectorsEnabled: true, databaseEnabled: false, goog:chromeOptions: {debuggerAddress: localhost:53346}, handlesAlerts: true, hasTouchScreen: false, javascriptEnabled: true, locationContextEnabled: true, mobileEmulationEnabled: false, nativeEvents: true, networkConnectionEnabled: false, pageLoadStrategy: normal, platform: MAC, platformName: MAC, rotatable: false, setWindowRect: true, takesHeapSnapshot: true, takesScreenshot: true, unexpectedAlertBehaviour: , unhandledPromptBehavior: , version: 70.0.3538.77, webStorageEnabled: true}
Session ID: da04327a21854b2bfaeaef09ef1e3620
*** Element info: {Using=xpath, value=/html/body/div[1]/div[1]/div/nav/div/a[1]1}
at jdk.internal.reflect.GeneratedConstructorAccessor13.newInstance(Unknown Source)
at java.base/jdk.internal.reflect.DelegatingConstructorAccessorImpl.newInstance(DelegatingConstructorAccessorImpl.java:45)
at java.base/java.lang.reflect.Constructor.newInstance(Constructor.java:488)
at org.openqa.selenium.remote.ErrorHandler.createThrowable(ErrorHandler.java:214)
at org.openqa.selenium.remote.ErrorHandler.throwIfResponseFailed(ErrorHandler.java:166)
at org.openqa.selenium.remote.http.JsonHttpResponseCodec.reconstructValue(JsonHttpResponseCodec.java:40)
at org.openqa.selenium.remote.http.AbstractHttpResponseCodec.decode(AbstractHttpResponseCodec.java:80)
at org.openqa.selenium.remote.http.AbstractHttpResponseCodec.decode(AbstractHttpResponseCodec.java:44)
at org.openqa.selenium.remote.HttpCommandExecutor.execute(HttpCommandExecutor.java:158)
at org.openqa.selenium.remote.service.DriverCommandExecutor.execute(DriverCommandExecutor.java:83)
at org.openqa.selenium.remote.RemoteWebDriver.execute(RemoteWebDriver.java:548)
at org.openqa.selenium.remote.RemoteWebDriver.findElement(RemoteWebDriver.java:322)
at org.openqa.selenium.remote.RemoteWebDriver.findElementByXPath(RemoteWebDriver.java:424)
at org.openqa.selenium.By$ByXPath.findElement(By.java:353)
at org.openqa.selenium.remote.RemoteWebDriver.findElement(RemoteWebDriver.java:314)
at jdk.internal.reflect.GeneratedMethodAccessor2.invoke(Unknown Source)
at java.base/jdk.internal.reflect.DelegatingMethodAccessorImpl.invoke(DelegatingMethodAccessorImpl.java:43)
at java.base/java.lang.reflect.Method.invoke(Method.java:564)
at org.openqa.selenium.support.events.EventFiringWebDriver.lambda$new$1(EventFiringWebDriver.java:105)
at com.sun.proxy.$Proxy8.findElement(Unknown Source)
at org.openqa.selenium.support.events.EventFiringWebDriver.findElement(EventFiringWebDriver.java:194)
at org.openqa.selenium.support.pagefactory.DefaultElementLocator.findElement(DefaultElementLocator.java:69)
at org.openqa.selenium.support.pagefactory.internal.LocatingElementHandler.invoke(LocatingElementHandler.java:38)
at com.sun.proxy.$Proxy12.isDisplayed(Unknown Source)
at org.openqa.selenium.support.ui.ExpectedConditions.elementIfVisible(ExpectedConditions.java:315)
at org.openqa.selenium.support.ui.ExpectedConditions.access$100(ExpectedConditions.java:44)
at org.openqa.selenium.support.ui.ExpectedConditions$10.apply(ExpectedConditions.java:301)
at org.openqa.selenium.support.ui.ExpectedConditions$10.apply(ExpectedConditions.java:298)
at org.openqa.selenium.support.ui.FluentWait.until(FluentWait.java:260)
... 28 more
]]>
            </full-stacktrace>
          </exception> <!-- org.openqa.selenium.TimeoutException -->
          <reporter-output>
          </reporter-output>
        </test-method> <!-- verifyTheHeaderLinkPresense -->
        <test-method signature="verifyFooterLinkNavigation()[pri:4, instance:com.qa.tests.HomePageTestCases@27a5328c]" started-at="2018-11-01T03:24:30Z" name="verifyFooterLinkNavigation" finished-at="2018-11-01T03:24:31Z" duration-ms="255" status="PASS">
          <reporter-output>
          </reporter-output>
        </test-method> <!-- verifyFooterLinkNavigation -->
        <test-method signature="NavigationToGetStartedPage()[pri:5, instance:com.qa.tests.HomePageTestCases@27a5328c]" started-at="2018-11-01T03:24:31Z" name="NavigationToGetStartedPage" finished-at="2018-11-01T03:24:33Z" duration-ms="1303" status="PASS">
          <reporter-output>
          </reporter-output>
        </test-method> <!-- NavigationToGetStartedPage -->
        <test-method is-config="true" signature="closeDriver()[pri:0, instance:com.qa.tests.HomePageTestCases@27a5328c]" started-at="2018-11-01T03:24:35Z" name="closeDriver" finished-at="2018-11-01T03:24:35Z" duration-ms="108" status="PASS">
          <reporter-output>
          </reporter-output>
        </test-method> <!-- closeDriver -->
      </class> <!-- com.qa.tests.HomePageTestCases -->
    </test> <!-- Test -->
  </suite> <!-- Regression -->
</testng-results>
